
Bookモデルのテスト
  バリデーションのテスト
    titleカラム
[32m      空欄でないこと[0m
    bodyカラム
[32m      空欄でないこと[0m
[32m      200文字以下であること: 200文字は〇[0m
[32m      200文字以下であること: 201文字は×[0m
  アソシエーションのテスト
    Userモデルとの関係
[32m      N:1となっている[0m

Userモデルのテスト
  バリデーションのテスト
    nameカラム
[32m      空欄でないこと[0m
[32m      2文字以上であること: 1文字は×[0m
[32m      2文字以上であること: 2文字は〇[0m
[32m      20文字以下であること: 20文字は〇[0m
[32m      20文字以下であること: 21文字は×[0m
[32m      一意性があること[0m
    introductionカラム
[32m      50文字以下であること: 50文字は〇[0m
[32m      50文字以下であること: 51文字は×[0m
  アソシエーションのテスト
    Bookモデルとの関係
[32m      1:Nとなっている[0m

[STEP1] ユーザログイン前のテスト
  トップ画面のテスト
    表示内容の確認
[31m      URLが正しい (FAILED - 1)[0m
[31m      Log inリンクが表示される: 青色のボタンの表示が「Log in」である (FAILED - 2)[0m
[31m      Log inリンクの内容が正しい (FAILED - 3)[0m
[31m      Sign upリンクが表示される: 緑色のボタンの表示が「Sign up」である (FAILED - 4)[0m
[31m      Sign upリンクの内容が正しい (FAILED - 5)[0m
  アバウト画面のテスト
    表示内容の確認
[31m      URLが正しい (FAILED - 6)[0m
  ヘッダーのテスト: ログインしていない場合
    表示内容の確認
[31m      Bookersリンクが表示される: 左上から1番目のリンクが「Bookers」である (FAILED - 7)[0m
[31m      Homeリンクが表示される: 左上から2番目のリンクが「Home」である (FAILED - 8)[0m
[31m      Aboutリンクが表示される: 左上から3番目のリンクが「About」である (FAILED - 9)[0m
[31m      Sign upリンクが表示される: 左上から4番目のリンクが「Sign up」である (FAILED - 10)[0m
[31m      Log inリンクが表示される: 左上から5番目のリンクが「Log in」である (FAILED - 11)[0m
    リンクの内容を確認
[31m      Bookersを押すと、トップ画面に遷移する (FAILED - 12)[0m
[31m      Homeを押すと、トップ画面に遷移する (FAILED - 13)[0m
[31m      Aboutを押すと、アバウト画面に遷移する (FAILED - 14)[0m
[31m      Sign upを押すと、新規登録画面に遷移する (FAILED - 15)[0m
[31m      Log inを押すと、ログイン画面に遷移する (FAILED - 16)[0m
  ユーザ新規登録のテスト
    表示内容の確認
[32m      URLが正しい[0m
[32m      「Sign up」と表示される[0m
[32m      nameフォームが表示される[0m
[32m      emailフォームが表示される[0m
[32m      passwordフォームが表示される[0m
[32m      password_confirmationフォームが表示される[0m
[32m      Sign upボタンが表示される[0m
    新規登録成功のテスト
[31m      正しく新規登録される (FAILED - 17)[0m
[31m      新規登録後のリダイレクト先が、新規登録できたユーザの詳細画面になっている (FAILED - 18)[0m
  ユーザログイン
    表示内容の確認
[32m      URLが正しい[0m
[32m      「Log in」と表示される[0m
[32m      nameフォームが表示される[0m
[32m      passwordフォームが表示される[0m
[32m      Log inボタンが表示される[0m
[32m      emailフォームは表示されない[0m
    ログイン成功のテスト
[31m      ログイン後のリダイレクト先が、ログインしたユーザの詳細画面になっている (FAILED - 19)[0m
    ログイン失敗のテスト
[32m      ログインに失敗し、ログイン画面にリダイレクトされる[0m
  ヘッダーのテスト: ログインしている場合
    ヘッダーの表示を確認
[32m      Bookersリンクが表示される: 左上から1番目のリンクが「Bookers」である[0m
[32m      Homeリンクが表示される: 左上から2番目のリンクが「Home」である[0m
[31m      Usersリンクが表示される: 左上から3番目のリンクが「Users」である (FAILED - 20)[0m
[31m      Booksリンクが表示される: 左上から4番目のリンクが「Books」である (FAILED - 21)[0m
[31m      Log outリンクが表示される: 左上から5番目のリンクが「Log out」である (FAILED - 22)[0m
  ユーザログアウトのテスト
    ログアウト機能のテスト
[32m      正しくログアウトできている: ログアウト後のリダイレクト先においてAbout画面へのリンクが存在する[0m
[31m      ログアウト後のリダイレクト先が、トップになっている (FAILED - 23)[0m

[STEP2] ユーザログイン後のテスト
  ヘッダーのテスト: ログインしている場合
    リンクの内容を確認: ※logoutは『ユーザログアウトのテスト』でテスト済みになります。
[31m      Homeを押すと、自分のユーザ詳細画面に遷移する (FAILED - 24)[0m
[31m      Usersを押すと、ユーザ一覧画面に遷移する (FAILED - 25)[0m
[31m      Booksを押すと、投稿一覧画面に遷移する (FAILED - 26)[0m
  投稿一覧画面のテスト
    表示内容の確認
[31m      URLが正しい (FAILED - 27)[0m
[31m      自分と他人の画像のリンク先が正しい (FAILED - 28)[0m
[31m      自分の投稿と他人の投稿のタイトルのリンク先がそれぞれ正しい (FAILED - 29)[0m
[31m      自分の投稿と他人の投稿のオピニオンが表示される (FAILED - 30)[0m
    サイドバーの確認
[31m      自分の名前と紹介文が表示される (FAILED - 31)[0m
[31m      自分のユーザ編集画面へのリンクが存在する (FAILED - 32)[0m
[31m      「New book」と表示される (FAILED - 33)[0m
[31m      titleフォームが表示される (FAILED - 34)[0m
[31m      titleフォームに値が入っていない (FAILED - 35)[0m
[31m      bodyフォームが表示される (FAILED - 36)[0m
[31m      bodyフォームに値が入っていない (FAILED - 37)[0m
[31m      Create Bookボタンが表示される (FAILED - 38)[0m
    投稿成功のテスト
[31m      自分の新しい投稿が正しく保存される (FAILED - 39)[0m
[31m      リダイレクト先が、保存できた投稿の詳細画面になっている (FAILED - 40)[0m
  自分の投稿詳細画面のテスト
    表示内容の確認
[31m      URLが正しい (FAILED - 41)[0m
[31m      「Book detail」と表示される (FAILED - 42)[0m
[31m      ユーザ画像・名前のリンク先が正しい (FAILED - 43)[0m
[31m      投稿のtitleが表示される (FAILED - 44)[0m
[31m      投稿のbodyが表示される (FAILED - 45)[0m
[31m      投稿の編集リンクが表示される (FAILED - 46)[0m
[31m      投稿の削除リンクが表示される (FAILED - 47)[0m
    サイドバーの確認
[31m      自分の名前と紹介文が表示される (FAILED - 48)[0m
[31m      自分のユーザ編集画面へのリンクが存在する (FAILED - 49)[0m
[31m      「New book」と表示される (FAILED - 50)[0m
[31m      titleフォームが表示される (FAILED - 51)[0m
[31m      titleフォームに値が入っていない (FAILED - 52)[0m
[31m      bodyフォームが表示される (FAILED - 53)[0m
[31m      bodyフォームに値が入っていない (FAILED - 54)[0m
[31m      Create Bookボタンが表示される (FAILED - 55)[0m
    投稿成功のテスト
[31m      自分の新しい投稿が正しく保存される (FAILED - 56)[0m
    編集リンクのテスト
[31m      編集画面に遷移する (FAILED - 57)[0m
    削除リンクのテスト
[31m      application.html.erbにjavascript_pack_tagを含んでいる (FAILED - 58)[0m
[31m      正しく削除される (FAILED - 59)[0m
[31m      リダイレクト先が、投稿一覧画面になっている (FAILED - 60)[0m
  自分の投稿編集画面のテスト
    表示の確認
[31m      URLが正しい (FAILED - 61)[0m
[31m      「Editing Book」と表示される (FAILED - 62)[0m
